[debug] [2023-01-13T08:53:49.758Z] ----------------------------------------------------------------------
[debug] [2023-01-13T08:53:49.759Z] Command:       /opt/homebrew/Cellar/node/19.0.1/bin/node /opt/homebrew/bin/firebase init hosting
[debug] [2023-01-13T08:53:49.760Z] CLI Version:   11.20.0
[debug] [2023-01-13T08:53:49.760Z] Platform:      darwin
[debug] [2023-01-13T08:53:49.760Z] Node Version:  v19.0.1
[debug] [2023-01-13T08:53:49.760Z] Time:          Fri Jan 13 2023 14:23:49 GMT+0530 (India Standard Time)
[debug] [2023-01-13T08:53:49.760Z] ----------------------------------------------------------------------
[debug] 
[debug] [2023-01-13T08:53:49.763Z] > command requires scopes: ["email","openid","https://www.googleapis.com/auth/cloudplatformprojects.readonly","https://www.googleapis.com/auth/firebase","https://www.googleapis.com/auth/cloud-platform"]
[debug] [2023-01-13T08:53:49.763Z] > authorizing via signed-in user (oplondhe@gmail.com)
[info] 
     ######## #### ########  ######## ########     ###     ######  ########
     ##        ##  ##     ## ##       ##     ##  ##   ##  ##       ##
     ######    ##  ########  ######   ########  #########  ######  ######
     ##        ##  ##    ##  ##       ##     ## ##     ##       ## ##
     ##       #### ##     ## ######## ########  ##     ##  ######  ########

You're about to initialize a Firebase project in this directory:

  /Users/omlondhe/Development/React/gitview

[info] 
=== Project Setup
[info] 
[info] First, let's associate this project directory with a Firebase project.
[info] You can create multiple project aliases by running firebase use --add, 
[info] but for now we'll just set up a default project.
[info] 
[debug] [2023-01-13T08:53:59.253Z] >>> [apiv2][query] GET https://firebase.googleapis.com/v1beta1/projects pageSize=100
[debug] [2023-01-13T08:54:00.214Z] <<< [apiv2][status] GET https://firebase.googleapis.com/v1beta1/projects 200
[debug] [2023-01-13T08:54:00.214Z] <<< [apiv2][body] GET https://firebase.googleapis.com/v1beta1/projects [omitted]
[info] i  Don't want to scroll through all your projects? If you know your project ID, you can initialize it directly using firebase init --project <project_id>.
 
[info] i  Using project gitview-react (gitview-react) 
[info] 
=== Hosting Setup
[info] 
[info] Your public directory is the folder (relative to your project directory) that
[info] will contain Hosting assets to be uploaded with firebase deploy. If you
[info] have a build process for your assets, use your build's output directory.
[info] 
[debug] [2023-01-13T08:54:26.194Z] >>> [apiv2][query] GET https://www.gstatic.com/firebasejs/releases.json [none]
[debug] [2023-01-13T08:54:26.378Z] <<< [apiv2][status] GET https://www.gstatic.com/firebasejs/releases.json 200
[debug] [2023-01-13T08:54:26.378Z] <<< [apiv2][body] GET https://www.gstatic.com/firebasejs/releases.json {"current":{"version":"9.15.0","browserURL":"https://www.gstatic.com/firebasejs/9.15.0/firebase.js","packageURL":"https://www.gstatic.com/firebasejs/9.15.0/firebase.tgz"},"live":{"version":"9.15","browserURL":"https://www.gstatic.com/firebasejs/live/9.15/firebase.js","packageURL":"https://www.gstatic.com/firebasejs/live/9.15/firebase.tgz"},"components":{"analytics":"https://www.gstatic.com/firebasejs/9.15.0/firebase-analytics.js","app":"https://www.gstatic.com/firebasejs/9.15.0/firebase-app.js","app-check":"https://www.gstatic.com/firebasejs/9.15.0/firebase-app-check.js","auth":"https://www.gstatic.com/firebasejs/9.15.0/firebase-auth.js","auth/cordova":"https://www.gstatic.com/firebasejs/9.15.0/firebase-auth/cordova.js","auth/react-native":"https://www.gstatic.com/firebasejs/9.15.0/firebase-auth/react-native.js","functions":"https://www.gstatic.com/firebasejs/9.15.0/firebase-functions.js","firestore":"https://www.gstatic.com/firebasejs/9.15.0/firebase-firestore.js","firestore/lite":"https://www.gstatic.com/firebasejs/9.15.0/firebase-firestore/lite.js","installations":"https://www.gstatic.com/firebasejs/9.15.0/firebase-installations.js","storage":"https://www.gstatic.com/firebasejs/9.15.0/firebase-storage.js","performance":"https://www.gstatic.com/firebasejs/9.15.0/firebase-performance.js","remote-config":"https://www.gstatic.com/firebasejs/9.15.0/firebase-remote-config.js","messaging":"https://www.gstatic.com/firebasejs/9.15.0/firebase-messaging.js","messaging/sw":"https://www.gstatic.com/firebasejs/9.15.0/firebase-messaging/sw.js","database":"https://www.gstatic.com/firebasejs/9.15.0/firebase-database.js","firestore.memory":"https://www.gstatic.com/firebasejs/9.15.0/firebase-firestore.memory.js"}}
[info] i  Skipping write of public/index.html 
[info] 
[info] i  Detected a .git folder at /Users/omlondhe/Development/React/gitview 
[info] i  Authorizing with GitHub to upload your service account to a GitHub repository's secrets store. 
[info] 
[info] Visit this URL on this device to log in:
[info] https://github.com/login/oauth/authorize?client_id=89cf50f02ac6aaed3484&state=902718637&redirect_uri=http%3A%2F%2Flocalhost%3A9005&scope=read%3Auser%20repo%20public_repo
[info] 
[info] Waiting for authentication...
[debug] [2023-01-13T08:54:43.648Z] >>> [apiv2][query] POST https://github.com/login/oauth/access_token [none]
[debug] [2023-01-13T08:54:43.648Z] >>> [apiv2][body] POST https://github.com/login/oauth/access_token [stream]
[debug] [2023-01-13T08:54:44.162Z] <<< [apiv2][status] POST https://github.com/login/oauth/access_token 200
[debug] [2023-01-13T08:54:44.162Z] <<< [apiv2][body] POST https://github.com/login/oauth/access_token {"access_token":"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","token_type":"bearer","scope":"read:user,repo"}
[debug] [2023-01-13T08:54:44.167Z] >>> [apiv2][query] GET https://api.github.com/user [none]
[debug] [2023-01-13T08:54:44.706Z] <<< [apiv2][status] GET https://api.github.com/user 200
[debug] [2023-01-13T08:54:44.706Z] <<< [apiv2][body] GET https://api.github.com/user {"login":"omlondhe","id":61611599,"node_id":"MDQ6VXNlcjYxNjExNTk5","avatar_url":"https://avatars.githubusercontent.com/u/61611599?v=4","gravatar_id":"","url":"https://api.github.com/users/omlondhe","html_url":"https://github.com/omlondhe","followers_url":"https://api.github.com/users/omlondhe/followers","following_url":"https://api.github.com/users/omlondhe/following{/other_user}","gists_url":"https://api.github.com/users/omlondhe/gists{/gist_id}","starred_url":"https://api.github.com/users/omlondhe/starred{/owner}{/repo}","subscriptions_url":"https://api.github.com/users/omlondhe/subscriptions","organizations_url":"https://api.github.com/users/omlondhe/orgs","repos_url":"https://api.github.com/users/omlondhe/repos","events_url":"https://api.github.com/users/omlondhe/events{/privacy}","received_events_url":"https://api.github.com/users/omlondhe/received_events","type":"User","site_admin":false,"name":"Om Londhe","company":null,"blog":"https://linktr.ee/omlondhe","location":"Aurangabad, Maharashtra, India","email":null,"hireable":true,"bio":"@postmanlabs Student Expert, @postmanlabs APIFest'22 Mentor, Elite at @scaleracademy, @scaleracademy HackX 2021 #2/10,718, @google Devfest'21 Web #2, H2S Fellow","twitter_username":"omlondhe03","public_repos":148,"public_gists":0,"followers":16,"following":13,"created_at":"2020-02-29T04:54:53Z","updated_at":"2022-12-30T07:37:49Z","private_gists":0,"total_private_repos":43,"owned_private_repos":43,"disk_usage":1582804,"collaborators":1,"two_factor_authentication":false,"plan":{"name":"pro","space":976562499,"collaborators":0,"private_repos":9999}}
[info] 
[info] ✔  Success! Logged into GitHub as omlondhe 
[info] 
